#
# There is insufficient memory for the Java Runtime Environment to continue.
# Native memory allocation (malloc) failed to allocate 341456 bytes. Error detail: Chunk::new
# Possible reasons:
#   The system is out of physical RAM or swap space
#   This process is running with CompressedOops enabled, and the Java Heap may be blocking the growth of the native heap
# Possible solutions:
#   Reduce memory load on the system
#   Increase physical memory or swap space
#   Check if swap backing store is full
#   Decrease Java heap size (-Xmx/-Xms)
#   Decrease number of Java threads
#   Decrease Java thread stack sizes (-Xss)
#   Set larger code cache with -XX:ReservedCodeCacheSize=
#   JVM is running with Unscaled Compressed Oops mode in which the Java heap is
#     placed in the first 4GB address space. The Java Heap base address is the
#     maximum limit for the native heap growth. Please use -XX:HeapBaseMinAddress
#     to set the Java Heap base and to place the Java Heap above 4GB virtual address.
# This output file may be truncated or incomplete.
#
#  Out of Memory Error (arena.cpp:168), pid=8692, tid=13364
#
# JRE version: OpenJDK Runtime Environment Temurin-21.0.8+9 (21.0.8+9) (build 21.0.8+9-LTS)
# Java VM: OpenJDK 64-Bit Server VM Temurin-21.0.8+9 (21.0.8+9-LTS, mixed mode, sharing, tiered, compressed oops, compressed class ptrs, parallel gc, windows-amd64)
# No core dump will be written. Minidumps are not enabled by default on client versions of Windows
#

---------------  S U M M A R Y ------------

Command Line: --add-modules=ALL-SYSTEM --add-opens=java.base/java.util=ALL-UNNAMED --add-opens=java.base/java.lang=ALL-UNNAMED --add-opens=java.base/sun.nio.fs=ALL-UNNAMED -Declipse.application=org.eclipse.jdt.ls.core.id1 -Dosgi.bundles.defaultStartLevel=4 -Declipse.product=org.eclipse.jdt.ls.core.product -Djava.import.generatesMetadataFilesAtProjectRoot=false -DDetectVMInstallationsJob.disabled=true -Dfile.encoding=utf8 -XX:+UseParallelGC -XX:GCTimeRatio=4 -XX:AdaptiveSizePolicyWeight=90 -Dsun.zip.disableMemoryMapping=true -Xmx2G -Xms100m -Xlog:disable -javaagent:c:\Users\imamn\.vscode\extensions\redhat.java-1.45.0-win32-x64\lombok\lombok-1.18.39-4050.jar -XX:+HeapDumpOnOutOfMemoryError -XX:HeapDumpPath=c:\Users\imamn\AppData\Roaming\Code\User\workspaceStorage\8a1b6a49863be36778a344cba34ac3af\redhat.java -Daether.dependencyCollector.impl=bf c:\Users\imamn\.vscode\extensions\redhat.java-1.45.0-win32-x64\server\plugins\org.eclipse.equinox.launcher_1.7.0.v20250519-0528.jar -configuration c:\Users\imamn\AppData\Roaming\Code\User\globalStorage\redhat.java\1.45.0\config_win -data c:\Users\imamn\AppData\Roaming\Code\User\workspaceStorage\8a1b6a49863be36778a344cba34ac3af\redhat.java\jdt_ws --pipe=\\.\pipe\lsp-698b6e93e0eda9701bc21e7a766a002c-sock

Host: 11th Gen Intel(R) Core(TM) i3-1115G4 @ 3.00GHz, 4 cores, 7G,  Windows 11 , 64 bit Build 22621 (10.0.22621.5415)
Time: Mon Sep 22 19:27:11 2025 India Standard Time elapsed time: 5.854396 seconds (0d 0h 0m 5s)

---------------  T H R E A D  ---------------

Current thread (0x0000022e78fe5320):  JavaThread "C2 CompilerThread0" daemon [_thread_in_native, id=13364, stack(0x00000069e7000000,0x00000069e7100000) (1024K)]


Current CompileTask:
C2:5854 1367       4       jdk.internal.jimage.ImageLocation::verify (218 bytes)

Stack: [0x00000069e7000000,0x00000069e7100000]
Native frames: (J=compiled Java code, j=interpreted, Vv=VM code, C=native code)
V  [jvm.dll+0x6d2449]
V  [jvm.dll+0x8ae341]
V  [jvm.dll+0x8b08be]
V  [jvm.dll+0x8b0fa3]
V  [jvm.dll+0x280c96]
V  [jvm.dll+0xc581d]
V  [jvm.dll+0xc5d53]
V  [jvm.dll+0x3b9162]
V  [jvm.dll+0x385315]
V  [jvm.dll+0x38477a]
V  [jvm.dll+0x248ed0]
V  [jvm.dll+0x2484af]
V  [jvm.dll+0x1c89ee]
V  [jvm.dll+0x257d4d]
V  [jvm.dll+0x2562ea]
V  [jvm.dll+0x3f2d16]
V  [jvm.dll+0x857e6b]
V  [jvm.dll+0x6d0b0d]
C  [ucrtbase.dll+0x29333]
C  [KERNEL32.DLL+0x1259d]
C  [ntdll.dll+0x5af78]


---------------  P R O C E S S  ---------------

Threads class SMR info:
_java_thread_list=0x0000022e7e6a3850, length=13, elements={
0x0000022e715ff510, 0x0000022e78fdaec0, 0x0000022e78fdc7c0, 0x0000022e78fdea60,
0x0000022e78fdf970, 0x0000022e78fe0880, 0x0000022e78fe24e0, 0x0000022e78fe5320,
0x0000022e79058ce0, 0x0000022e7e03a150, 0x0000022e7e220a30, 0x0000022e7e3dd690,
0x0000022e7e3ddcf0
}

Java Threads: ( => current thread )
  0x0000022e715ff510 JavaThread "main"                              [_thread_in_vm, id=23596, stack(0x00000069e6500000,0x00000069e6600000) (1024K)]
  0x0000022e78fdaec0 JavaThread "Reference Handler"          daemon [_thread_blocked, id=10944, stack(0x00000069e6a00000,0x00000069e6b00000) (1024K)]
  0x0000022e78fdc7c0 JavaThread "Finalizer"                  daemon [_thread_blocked, id=25540, stack(0x00000069e6b00000,0x00000069e6c00000) (1024K)]
  0x0000022e78fdea60 JavaThread "Signal Dispatcher"          daemon [_thread_blocked, id=5484, stack(0x00000069e6c00000,0x00000069e6d00000) (1024K)]
  0x0000022e78fdf970 JavaThread "Attach Listener"            daemon [_thread_blocked, id=33016, stack(0x00000069e6d00000,0x00000069e6e00000) (1024K)]
  0x0000022e78fe0880 JavaThread "Service Thread"             daemon [_thread_blocked, id=32332, stack(0x00000069e6e00000,0x00000069e6f00000) (1024K)]
  0x0000022e78fe24e0 JavaThread "Monitor Deflation Thread"   daemon [_thread_blocked, id=16836, stack(0x00000069e6f00000,0x00000069e7000000) (1024K)]
=>0x0000022e78fe5320 JavaThread "C2 CompilerThread0"         daemon [_thread_in_native, id=13364, stack(0x00000069e7000000,0x00000069e7100000) (1024K)]
  0x0000022e79058ce0 JavaThread "C1 CompilerThread0"         daemon [_thread_blocked, id=20780, stack(0x00000069e7100000,0x00000069e7200000) (1024K)]
  0x0000022e7e03a150 JavaThread "Common-Cleaner"             daemon [_thread_blocked, id=1336, stack(0x00000069e7200000,0x00000069e7300000) (1024K)]
  0x0000022e7e220a30 JavaThread "Notification Thread"        daemon [_thread_blocked, id=17376, stack(0x00000069e7300000,0x00000069e7400000) (1024K)]
  0x0000022e7e3dd690 JavaThread "Equinox resolver thread - Equinox Container: e431d34b-dd3a-4092-8248-3d14c41a011d" daemon [_thread_blocked, id=31340, stack(0x00000069e7700000,0x00000069e7800000) (1024K)]
  0x0000022e7e3ddcf0 JavaThread "Equinox resolver thread - Equinox Container: e431d34b-dd3a-4092-8248-3d14c41a011d" daemon [_thread_blocked, id=31348, stack(0x00000069e7800000,0x00000069e7900000) (1024K)]
Total: 13

Other Threads:
  0x0000022e78fbfdc0 VMThread "VM Thread"                           [id=32500, stack(0x00000069e6900000,0x00000069e6a00000) (1024K)]
  0x0000022e7166bdd0 WatcherThread "VM Periodic Task Thread"        [id=11828, stack(0x00000069e6800000,0x00000069e6900000) (1024K)]
  0x0000022e7161d790 WorkerThread "GC Thread#0"                     [id=18268, stack(0x00000069e6700000,0x00000069e6800000) (1024K)]
  0x0000022e7e85d9e0 WorkerThread "GC Thread#1"                     [id=17844, stack(0x00000069e7400000,0x00000069e7500000) (1024K)]
  0x0000022e7e86d3c0 WorkerThread "GC Thread#2"                     [id=26452, stack(0x00000069e7500000,0x00000069e7600000) (1024K)]
  0x0000022e7e86d760 WorkerThread "GC Thread#3"                     [id=31528, stack(0x00000069e7600000,0x00000069e7700000) (1024K)]
Total: 6

Threads with active compile tasks:
C2 CompilerThread0  6270 1367       4       jdk.internal.jimage.ImageLocation::verify (218 bytes)
Total: 1

VM state: not at safepoint (normal execution)

VM Mutex/Monitor currently owned by a thread:  ([mutex/lock_event])
[0x00007ffaa2843458] Metaspace_lock - owner thread: 0x0000022e715ff510

Heap address: 0x0000000080000000, size: 2048 MB, Compressed Oops mode: 32-bit

CDS archive(s) mapped at: [0x0000022e0f000000-0x0000022e0fba0000-0x0000022e0fba0000), size 12189696, SharedBaseAddress: 0x0000022e0f000000, ArchiveRelocationMode: 1.
Compressed class space mapped at: 0x0000022e10000000-0x0000022e50000000, reserved size: 1073741824
Narrow klass base: 0x0000022e0f000000, Narrow klass shift: 0, Narrow klass range: 0x100000000

GC Precious Log:
 CardTable entry size: 512
 CPUs: 4 total, 4 available
 Memory: 7932M
 Large Page Support: Disabled
 NUMA Support: Disabled
 Compressed Oops: Enabled (32-bit)
 Alignments: Space 512K, Generation 512K, Heap 2M
 Heap Min Capacity: 100M
 Heap Initial Capacity: 100M
 Heap Max Capacity: 2G
 Pre-touch: Disabled
 Parallel Workers: 4

Heap:
 PSYoungGen      total 29696K, used 20173K [0x00000000d5580000, 0x00000000d7680000, 0x0000000100000000)
  eden space 25600K, 65% used [0x00000000d5580000,0x00000000d65f15f0,0x00000000d6e80000)
  from space 4096K, 81% used [0x00000000d6e80000,0x00000000d71c1e18,0x00000000d7280000)
  to   space 4096K, 0% used [0x00000000d7280000,0x00000000d7280000,0x00000000d7680000)
 ParOldGen       total 68608K, used 0K [0x0000000080000000, 0x0000000084300000, 0x00000000d5580000)
  object space 68608K, 0% used [0x0000000080000000,0x0000000080000000,0x0000000084300000)
 Metaspace       used 7266K, committed 7488K, reserved 1114112K
  class space    used 749K, committed 832K, reserved 1048576K

Card table byte_map: [0x0000022e70fb0000,0x0000022e713c0000] _byte_map_base: 0x0000022e70bb0000

Marking Bits: (ParMarkBitMap*) 0x00007ffaa284a340
 Begin Bits: [0x0000022e74aa0000, 0x0000022e76aa0000)
 End Bits:   [0x0000022e76aa0000, 0x0000022e78aa0000)

Polling page: 0x0000022e6f5f0000

Metaspace:

Usage:
  Non-class:      6.36 MB used.
      Class:    749.99 KB used.
       Both:      7.10 MB used.

Virtual space:
  Non-class space:       64.00 MB reserved,       6.50 MB ( 10%) committed,  1 nodes.
      Class space:        1.00 GB reserved,     832.00 KB ( <1%) committed,  1 nodes.
             Both:        1.06 GB reserved,       7.31 MB ( <1%) committed. 

Chunk freelists:
   Non-Class:  9.33 MB
       Class:  14.98 MB
        Both:  24.31 MB

MaxMetaspaceSize: unlimited
CompressedClassSpaceSize: 1.00 GB
Initial GC threshold: 21.00 MB
Current GC threshold: 21.00 MB
CDS: on
 - commit_granule_bytes: 65536.
 - commit_granule_words: 8192.
 - virtual_space_node_default_size: 8388608.
 - enlarge_chunks_in_place: 1.
 - use_allocation_guard: 0.


Internal statistics:

num_allocs_failed_limit: 0.
num_arena_births: 198.
num_arena_deaths: 0.
num_vsnodes_births: 2.
num_vsnodes_deaths: 0.
num_space_committed: 117.
num_space_uncommitted: 0.
num_chunks_returned_to_freelist: 0.
num_chunks_taken_from_freelist: 342.
num_chunk_merges: 0.
num_chunk_splits: 231.
num_chunks_enlarged: 159.
num_inconsistent_stats: 0.

CodeHeap 'non-profiled nmethods': size=120000Kb used=559Kb max_used=559Kb free=119440Kb
 bounds [0x0000022e07ad0000, 0x0000022e07d40000, 0x0000022e0f000000]
CodeHeap 'profiled nmethods': size=120000Kb used=2627Kb max_used=2627Kb free=117372Kb
 bounds [0x0000022e00000000, 0x0000022e002a0000, 0x0000022e07530000]
CodeHeap 'non-nmethods': size=5760Kb used=1217Kb max_used=1230Kb free=4542Kb
 bounds [0x0000022e07530000, 0x0000022e077a0000, 0x0000022e07ad0000]
CodeCache: size=245760Kb, used=4403Kb, max_used=4416Kb, free=241354Kb
 total_blobs=1947, nmethods=1474, adapters=380, full_count=0
Compilation: enabled, stopped_count=0, restarted_count=0

Compilation events (20 events):
Event: 5.621 Thread 0x0000022e79058ce0 nmethod 1358 0x0000022e0023d710 code [0x0000022e0023d8c0, 0x0000022e0023d9f8]
Event: 5.621 Thread 0x0000022e79058ce0 1359       3       org.lombokweb.asm.ClassReader::readUTF8 (23 bytes)
Event: 5.622 Thread 0x0000022e79058ce0 nmethod 1359 0x0000022e0023db10 code [0x0000022e0023dce0, 0x0000022e0023df28]
Event: 5.623 Thread 0x0000022e79058ce0 1360       3       org.lombokweb.asm.SymbolTable::hash (10 bytes)
Event: 5.623 Thread 0x0000022e79058ce0 nmethod 1360 0x0000022e0023e010 code [0x0000022e0023e1c0, 0x0000022e0023e2f0]
Event: 5.623 Thread 0x0000022e79058ce0 1361       3       org.lombokweb.asm.SymbolTable$Entry::<init> (17 bytes)
Event: 5.623 Thread 0x0000022e79058ce0 nmethod 1361 0x0000022e0023e410 code [0x0000022e0023e5c0, 0x0000022e0023e740]
Event: 5.623 Thread 0x0000022e79058ce0 1362       3       org.lombokweb.asm.SymbolTable::add (39 bytes)
Event: 5.624 Thread 0x0000022e79058ce0 nmethod 1362 0x0000022e0023e810 code [0x0000022e0023e9c0, 0x0000022e0023ec80]
Event: 5.631 Thread 0x0000022e79058ce0 1363       3       java.io.File::<init> (47 bytes)
Event: 5.632 Thread 0x0000022e79058ce0 nmethod 1363 0x0000022e0023ee10 code [0x0000022e0023efe0, 0x0000022e0023f310]
Event: 5.663 Thread 0x0000022e78fe5320 1364       4       java.lang.StringBuilder::append (8 bytes)
Event: 5.671 Thread 0x0000022e78fe5320 nmethod 1364 0x0000022e07b59290 code [0x0000022e07b59480, 0x0000022e07b59b78]
Event: 5.682 Thread 0x0000022e79058ce0 1365       3       java.net.URI$Parser::scan (53 bytes)
Event: 5.683 Thread 0x0000022e79058ce0 nmethod 1365 0x0000022e0023f490 code [0x0000022e0023f6e0, 0x0000022e0023ff48]
Event: 5.713 Thread 0x0000022e79058ce0 1366       3       java.net.URI::toString (16 bytes)
Event: 5.713 Thread 0x0000022e79058ce0 nmethod 1366 0x0000022e00240390 code [0x0000022e00240540, 0x0000022e002406b8]
Event: 5.784 Thread 0x0000022e78fe5320 1367       4       jdk.internal.jimage.ImageLocation::verify (218 bytes)
Event: 5.828 Thread 0x0000022e79058ce0 1371       3       java.io.File::<init> (20 bytes)
Event: 5.828 Thread 0x0000022e79058ce0 nmethod 1371 0x0000022e00240790 code [0x0000022e00240940, 0x0000022e00240ae0]

GC Heap History (2 events):
Event: 4.246 GC heap before
{Heap before GC invocations=1 (full 0):
 PSYoungGen      total 29696K, used 25600K [0x00000000d5580000, 0x00000000d7680000, 0x0000000100000000)
  eden space 25600K, 100% used [0x00000000d5580000,0x00000000d6e80000,0x00000000d6e80000)
  from space 4096K, 0% used [0x00000000d7280000,0x00000000d7280000,0x00000000d7680000)
  to   space 4096K, 0% used [0x00000000d6e80000,0x00000000d6e80000,0x00000000d7280000)
 ParOldGen       total 68608K, used 0K [0x0000000080000000, 0x0000000084300000, 0x00000000d5580000)
  object space 68608K, 0% used [0x0000000080000000,0x0000000080000000,0x0000000084300000)
 Metaspace       used 4464K, committed 4672K, reserved 1114112K
  class space    used 490K, committed 576K, reserved 1048576K
}
Event: 4.263 GC heap after
{Heap after GC invocations=1 (full 0):
 PSYoungGen      total 29696K, used 3335K [0x00000000d5580000, 0x00000000d7680000, 0x0000000100000000)
  eden space 25600K, 0% used [0x00000000d5580000,0x00000000d5580000,0x00000000d6e80000)
  from space 4096K, 81% used [0x00000000d6e80000,0x00000000d71c1e18,0x00000000d7280000)
  to   space 4096K, 0% used [0x00000000d7280000,0x00000000d7280000,0x00000000d7680000)
 ParOldGen       total 68608K, used 0K [0x0000000080000000, 0x0000000084300000, 0x00000000d5580000)
  object space 68608K, 0% used [0x0000000080000000,0x0000000080000000,0x0000000084300000)
 Metaspace       used 4464K, committed 4672K, reserved 1114112K
  class space    used 490K, committed 576K, reserved 1048576K
}

Dll operation events (8 events):
Event: 0.049 Loaded shared library c:\Users\imamn\.vscode\extensions\redhat.java-1.45.0-win32-x64\jre\21.0.8-win32-x86_64\bin\java.dll
Event: 0.579 Loaded shared library c:\Users\imamn\.vscode\extensions\redhat.java-1.45.0-win32-x64\jre\21.0.8-win32-x86_64\bin\zip.dll
Event: 0.802 Loaded shared library C:\Users\imamn\.vscode\extensions\redhat.java-1.45.0-win32-x64\jre\21.0.8-win32-x86_64\bin\instrument.dll
Event: 0.813 Loaded shared library C:\Users\imamn\.vscode\extensions\redhat.java-1.45.0-win32-x64\jre\21.0.8-win32-x86_64\bin\net.dll
Event: 0.817 Loaded shared library C:\Users\imamn\.vscode\extensions\redhat.java-1.45.0-win32-x64\jre\21.0.8-win32-x86_64\bin\nio.dll
Event: 0.821 Loaded shared library C:\Users\imamn\.vscode\extensions\redhat.java-1.45.0-win32-x64\jre\21.0.8-win32-x86_64\bin\zip.dll
Event: 0.863 Loaded shared library C:\Users\imamn\.vscode\extensions\redhat.java-1.45.0-win32-x64\jre\21.0.8-win32-x86_64\bin\jimage.dll
Event: 1.251 Loaded shared library c:\Users\imamn\.vscode\extensions\redhat.java-1.45.0-win32-x64\jre\21.0.8-win32-x86_64\bin\verify.dll

Deoptimization events (20 events):
Event: 4.488 Thread 0x0000022e715ff510 Uncommon trap: trap_request=0xffffff45 fr.pc=0x0000022e07b31550 relative=0x00000000000000b0
Event: 4.488 Thread 0x0000022e715ff510 Uncommon trap: reason=unstable_if action=reinterpret pc=0x0000022e07b31550 method=java.util.HashMap.hash(Ljava/lang/Object;)I @ 1 c2
Event: 4.488 Thread 0x0000022e715ff510 DEOPT PACKING pc=0x0000022e07b31550 sp=0x00000069e65fe800
Event: 4.488 Thread 0x0000022e715ff510 DEOPT UNPACKING pc=0x0000022e07586da2 sp=0x00000069e65fe798 mode 2
Event: 5.476 Thread 0x0000022e715ff510 Uncommon trap: trap_request=0xffffff54 fr.pc=0x0000022e07b522f8 relative=0x00000000000004f8
Event: 5.476 Thread 0x0000022e715ff510 Uncommon trap: reason=speculate_null_assert action=make_not_entrant pc=0x0000022e07b522f8 method=lombok.patcher.ScriptManager$OurClassFileTransformer.transform(Ljava/lang/ClassLoader;Ljava/lang/String;Ljava/lang/Class;Ljava/security/ProtectionDomain;[B)[B
Event: 5.476 Thread 0x0000022e715ff510 DEOPT PACKING pc=0x0000022e07b522f8 sp=0x00000069e65f8bc0
Event: 5.476 Thread 0x0000022e715ff510 DEOPT UNPACKING pc=0x0000022e07586da2 sp=0x00000069e65f8b30 mode 2
Event: 5.476 Thread 0x0000022e715ff510 Uncommon trap: trap_request=0xffffff45 fr.pc=0x0000022e07b1904c relative=0x000000000000108c
Event: 5.476 Thread 0x0000022e715ff510 Uncommon trap: reason=unstable_if action=reinterpret pc=0x0000022e07b1904c method=lombok.patcher.PatchScript.classMatches(Ljava/lang/String;Ljava/util/Collection;)Z @ 25 c2
Event: 5.476 Thread 0x0000022e715ff510 DEOPT PACKING pc=0x0000022e07b1904c sp=0x00000069e65f8ab0
Event: 5.476 Thread 0x0000022e715ff510 DEOPT UNPACKING pc=0x0000022e07586da2 sp=0x00000069e65f8a38 mode 2
Event: 5.802 Thread 0x0000022e715ff510 Uncommon trap: trap_request=0xffffffc6 fr.pc=0x0000022e07b0ac50 relative=0x0000000000000290
Event: 5.802 Thread 0x0000022e715ff510 Uncommon trap: reason=bimorphic_or_optimized_type_check action=maybe_recompile pc=0x0000022e07b0ac50 method=java.util.Collections$UnmodifiableCollection$1.next()Ljava/lang/Object; @ 4 c2
Event: 5.802 Thread 0x0000022e715ff510 DEOPT PACKING pc=0x0000022e07b0ac50 sp=0x00000069e65f8570
Event: 5.802 Thread 0x0000022e715ff510 DEOPT UNPACKING pc=0x0000022e07586da2 sp=0x00000069e65f8520 mode 2
Event: 5.802 Thread 0x0000022e715ff510 Uncommon trap: trap_request=0xffffffc6 fr.pc=0x0000022e07b0ac50 relative=0x0000000000000290
Event: 5.802 Thread 0x0000022e715ff510 Uncommon trap: reason=bimorphic_or_optimized_type_check action=maybe_recompile pc=0x0000022e07b0ac50 method=java.util.Collections$UnmodifiableCollection$1.next()Ljava/lang/Object; @ 4 c2
Event: 5.802 Thread 0x0000022e715ff510 DEOPT PACKING pc=0x0000022e07b0ac50 sp=0x00000069e65f8570
Event: 5.802 Thread 0x0000022e715ff510 DEOPT UNPACKING pc=0x0000022e07586da2 sp=0x00000069e65f8520 mode 2

Classes loaded (20 events):
Event: 5.151 Loading class java/util/concurrent/RejectedExecutionHandler
Event: 5.152 Loading class java/util/concurrent/RejectedExecutionHandler done
Event: 5.152 Loading class java/util/concurrent/LinkedBlockingQueue
Event: 5.152 Loading class java/util/concurrent/LinkedBlockingQueue done
Event: 5.152 Loading class java/util/concurrent/LinkedBlockingQueue$Node
Event: 5.152 Loading class java/util/concurrent/LinkedBlockingQueue$Node done
Event: 5.206 Loading class java/util/concurrent/Semaphore$NonfairSync
Event: 5.206 Loading class java/util/concurrent/Semaphore$Sync
Event: 5.206 Loading class java/util/concurrent/Semaphore$Sync done
Event: 5.206 Loading class java/util/concurrent/Semaphore$NonfairSync done
Event: 5.349 Loading class java/lang/reflect/TypeVariable
Event: 5.349 Loading class java/lang/reflect/TypeVariable done
Event: 5.349 Loading class java/lang/InstantiationException
Event: 5.349 Loading class java/lang/InstantiationException done
Event: 5.350 Loading class java/lang/reflect/AnnotatedType
Event: 5.350 Loading class java/lang/reflect/AnnotatedType done
Event: 5.363 Loading class java/util/ComparableTimSort
Event: 5.363 Loading class java/util/ComparableTimSort done
Event: 5.499 Loading class java/lang/TypeNotPresentException
Event: 5.499 Loading class java/lang/TypeNotPresentException done

Classes unloaded (0 events):
No events

Classes redefined (0 events):
No events

Internal exceptions (20 events):
Event: 3.486 Thread 0x0000022e715ff510 Implicit null exception at 0x0000022e07afff24 to 0x0000022e07b00524
Event: 3.487 Thread 0x0000022e715ff510 Implicit null exception at 0x0000022e07b00ea0 to 0x0000022e07b01498
Event: 3.495 Thread 0x0000022e715ff510 Exception <a 'java/io/FileNotFoundException'{0x00000000d64ef110}> (0x00000000d64ef110) 
thrown [s\src\hotspot\share\prims\jni.cpp, line 520]
Event: 3.511 Thread 0x0000022e715ff510 Exception <a 'java/lang/NoSuchMethodError'{0x00000000d6527a68}: 'java.lang.Object java.lang.invoke.DirectMethodHandle$Holder.invokeInterface(java.lang.Object, java.lang.Object)'> (0x00000000d6527a68) 
thrown [s\src\hotspot\share\interpreter\linkResolver.cpp, line 773]
Event: 3.532 Thread 0x0000022e715ff510 Exception <a 'java/lang/NoSuchMethodError'{0x00000000d653b070}: 'java.lang.Object java.lang.invoke.Invokers$Holder.invokeExact_MT(java.lang.Object, java.lang.Object, java.lang.Object, java.lang.Object, java.lang.Object, java.lang.Object)'> (0x00000000d653b070) 
thrown [s\src\hotspot\share\interpreter\linkResolver.cpp, line 773]
Event: 3.556 Thread 0x0000022e715ff510 Exception <a 'java/lang/NoSuchMethodError'{0x00000000d65522c8}: 'int java.lang.invoke.DirectMethodHandle$Holder.invokeStatic(java.lang.Object, java.lang.Object, java.lang.Object, java.lang.Object, java.lang.Object)'> (0x00000000d65522c8) 
thrown [s\src\hotspot\share\interpreter\linkResolver.cpp, line 773]
Event: 3.629 Thread 0x0000022e715ff510 Exception <a 'java/lang/NoSuchMethodError'{0x00000000d65e6770}: 'java.lang.Object java.lang.invoke.DirectMethodHandle$Holder.invokeInterface(java.lang.Object, java.lang.Object, int)'> (0x00000000d65e6770) 
thrown [s\src\hotspot\share\interpreter\linkResolver.cpp, line 773]
Event: 3.656 Thread 0x0000022e715ff510 Exception <a 'sun/nio/fs/WindowsException'{0x00000000d662c448}> (0x00000000d662c448) 
thrown [s\src\hotspot\share\prims\jni.cpp, line 520]
Event: 3.656 Thread 0x0000022e715ff510 Exception <a 'sun/nio/fs/WindowsException'{0x00000000d66317f0}> (0x00000000d66317f0) 
thrown [s\src\hotspot\share\prims\jni.cpp, line 520]
Event: 4.052 Thread 0x0000022e715ff510 Exception <a 'java/lang/NoSuchMethodError'{0x00000000d6ab7c00}: 'java.lang.ClassLoader java.lang.ClassLoader.getPlatformClassLoader(java.lang.Class)'> (0x00000000d6ab7c00) 
thrown [s\src\hotspot\share\interpreter\linkResolver.cpp, line 773]
Event: 4.280 Thread 0x0000022e715ff510 Exception <a 'java/lang/ClassNotFoundException'{0x00000000d55d5688}: sun/net/www/protocol/c/Handler> (0x00000000d55d5688) 
thrown [s\src\hotspot\share\classfile\systemDictionary.cpp, line 312]
Event: 4.281 Thread 0x0000022e715ff510 Exception <a 'java/lang/ClassNotFoundException'{0x00000000d55d69e0}: sun/net/www/protocol/d/Handler> (0x00000000d55d69e0) 
thrown [s\src\hotspot\share\classfile\systemDictionary.cpp, line 312]
Event: 4.281 Thread 0x0000022e715ff510 Exception <a 'java/lang/ClassNotFoundException'{0x00000000d55d7b58}: sun/net/www/protocol/c/Handler> (0x00000000d55d7b58) 
thrown [s\src\hotspot\share\classfile\systemDictionary.cpp, line 312]
Event: 4.316 Thread 0x0000022e715ff510 Exception <a 'java/io/FileNotFoundException'{0x00000000d5680c70}> (0x00000000d5680c70) 
thrown [s\src\hotspot\share\prims\jni.cpp, line 520]
Event: 4.448 Thread 0x0000022e715ff510 Implicit null exception at 0x0000022e07b31949 to 0x0000022e07b322dc
Event: 4.456 Thread 0x0000022e715ff510 Implicit null exception at 0x0000022e07b3f91a to 0x0000022e07b3fb28
Event: 4.457 Thread 0x0000022e715ff510 Exception <a 'java/lang/NoSuchMethodError'{0x00000000d57ad5d0}: 'void java.lang.invoke.DirectMethodHandle$Holder.invokeStatic(java.lang.Object, java.lang.Object, java.lang.Object, java.lang.Object)'> (0x00000000d57ad5d0) 
thrown [s\src\hotspot\share\interpreter\linkResolver.cpp, line 773]
Event: 4.487 Thread 0x0000022e715ff510 Implicit null exception at 0x0000022e07b4001a to 0x0000022e07b40228
Event: 4.488 Thread 0x0000022e715ff510 Implicit null exception at 0x0000022e07b314bd to 0x0000022e07b31541
Event: 5.352 Thread 0x0000022e715ff510 Exception <a 'java/lang/NoSuchMethodError'{0x00000000d5badf38}: 'int java.lang.invoke.DirectMethodHandle$Holder.invokeVirtual(java.lang.Object, java.lang.Object)'> (0x00000000d5badf38) 
thrown [s\src\hotspot\share\interpreter\linkResolver.cpp, line 773]

ZGC Phase Switch (0 events):
No events

VM Operations (20 events):
Event: 0.565 Executing VM operation: HandshakeAllThreads (Deoptimize)
Event: 0.565 Executing VM operation: HandshakeAllThreads (Deoptimize) done
Event: 0.890 Executing VM operation: HandshakeAllThreads (Deoptimize)
Event: 0.890 Executing VM operation: HandshakeAllThreads (Deoptimize) done
Event: 1.895 Executing VM operation: Cleanup
Event: 1.896 Executing VM operation: Cleanup done
Event: 2.909 Executing VM operation: Cleanup
Event: 2.926 Executing VM operation: Cleanup done
Event: 2.964 Executing VM operation: HandshakeAllThreads (Deoptimize)
Event: 2.964 Executing VM operation: HandshakeAllThreads (Deoptimize) done
Event: 3.251 Executing VM operation: HandshakeAllThreads (Deoptimize)
Event: 3.251 Executing VM operation: HandshakeAllThreads (Deoptimize) done
Event: 4.231 Executing VM operation: HandshakeAllThreads (Deoptimize)
Event: 4.231 Executing VM operation: HandshakeAllThreads (Deoptimize) done
Event: 4.231 Executing VM operation: Cleanup
Event: 4.231 Executing VM operation: Cleanup done
Event: 4.246 Executing VM operation: ParallelGCFailedAllocation (Allocation Failure)
Event: 4.263 Executing VM operation: ParallelGCFailedAllocation (Allocation Failure) done
Event: 5.270 Executing VM operation: Cleanup
Event: 5.295 Executing VM operation: Cleanup done

Memory protections (0 events):
No events

Nmethod flushes (0 events):
No events

Events (11 events):
Event: 0.131 Thread 0x0000022e715ff510 Thread added: 0x0000022e715ff510
Event: 0.202 Thread 0x0000022e715ff510 Thread added: 0x0000022e78fdaec0
Event: 0.203 Thread 0x0000022e715ff510 Thread added: 0x0000022e78fdc7c0
Event: 0.203 Thread 0x0000022e715ff510 Thread added: 0x0000022e78fdea60
Event: 0.203 Thread 0x0000022e715ff510 Thread added: 0x0000022e78fdf970
Event: 0.203 Thread 0x0000022e715ff510 Thread added: 0x0000022e78fe0880
Event: 0.204 Thread 0x0000022e715ff510 Thread added: 0x0000022e78fe24e0
Event: 0.204 Thread 0x0000022e715ff510 Thread added: 0x0000022e78fe5320
Event: 0.274 Thread 0x0000022e715ff510 Thread added: 0x0000022e79058ce0
Event: 0.459 Thread 0x0000022e715ff510 Thread added: 0x0000022e7e03a150
Event: 1.988 Thread 0x0000022e715ff510 Thread added: 0x0000022e7e220a30


Dynamic libraries:
0x00007ff71e230000 - 0x00007ff71e23e000 	c:\Users\imamn\.vscode\extensions\redhat.java-1.45.0-win32-x64\jre\21.0.8-win32-x86_64\bin\java.exe
0x00007ffb99cf0000 - 0x00007ffb99f07000 	C:\WINDOWS\SYSTEM32\ntdll.dll
0x00007ffb98e70000 - 0x00007ffb98f34000 	C:\WINDOWS\System32\KERNEL32.DLL
0x00007ffb973c0000 - 0x00007ffb97790000 	C:\WINDOWS\System32\KERNELBASE.dll
0x00007ffb972a0000 - 0x00007ffb973b1000 	C:\WINDOWS\System32\ucrtbase.dll
0x00007ffb8f200000 - 0x00007ffb8f218000 	c:\Users\imamn\.vscode\extensions\redhat.java-1.45.0-win32-x64\jre\21.0.8-win32-x86_64\bin\jli.dll
0x00007ffb97dd0000 - 0x00007ffb97f81000 	C:\WINDOWS\System32\USER32.dll
0x00007ffb96eb0000 - 0x00007ffb96ed6000 	C:\WINDOWS\System32\win32u.dll
0x00007ffb994f0000 - 0x00007ffb99519000 	C:\WINDOWS\System32\GDI32.dll
0x00007ffb96ee0000 - 0x00007ffb97003000 	C:\WINDOWS\System32\gdi32full.dll
0x00007ffb97200000 - 0x00007ffb9729a000 	C:\WINDOWS\System32\msvcp_win.dll
0x00007ffb71970000 - 0x00007ffb7198e000 	c:\Users\imamn\.vscode\extensions\redhat.java-1.45.0-win32-x64\jre\21.0.8-win32-x86_64\bin\VCRUNTIME140.dll
0x00007ffb75130000 - 0x00007ffb753cc000 	C:\WINDOWS\WinSxS\amd64_microsoft.windows.common-controls_6595b64144ccf1df_6.0.22621.5840_none_2710ea077384a4fe\COMCTL32.dll
0x00007ffb998e0000 - 0x00007ffb99987000 	C:\WINDOWS\System32\msvcrt.dll
0x00007ffb980a0000 - 0x00007ffb980d1000 	C:\WINDOWS\System32\IMM32.DLL
0x00007ffb8f250000 - 0x00007ffb8f25c000 	c:\Users\imamn\.vscode\extensions\redhat.java-1.45.0-win32-x64\jre\21.0.8-win32-x86_64\bin\vcruntime140_1.dll
0x00007ffb456e0000 - 0x00007ffb4576d000 	c:\Users\imamn\.vscode\extensions\redhat.java-1.45.0-win32-x64\jre\21.0.8-win32-x86_64\bin\msvcp140.dll
0x00007ffaa1b90000 - 0x00007ffaa2927000 	c:\Users\imamn\.vscode\extensions\redhat.java-1.45.0-win32-x64\jre\21.0.8-win32-x86_64\bin\server\jvm.dll
0x00007ffb98db0000 - 0x00007ffb98e61000 	C:\WINDOWS\System32\ADVAPI32.dll
0x00007ffb97d20000 - 0x00007ffb97dc8000 	C:\WINDOWS\System32\sechost.dll
0x00007ffb978d0000 - 0x00007ffb978f8000 	C:\WINDOWS\System32\bcrypt.dll
0x00007ffb99b30000 - 0x00007ffb99c48000 	C:\WINDOWS\System32\RPCRT4.dll
0x00007ffb98470000 - 0x00007ffb984e1000 	C:\WINDOWS\System32\WS2_32.dll
0x00007ffb96cc0000 - 0x00007ffb96d0d000 	C:\WINDOWS\SYSTEM32\POWRPROF.dll
0x00007ffb8adb0000 - 0x00007ffb8ade4000 	C:\WINDOWS\SYSTEM32\WINMM.dll
0x00007ffb8cf10000 - 0x00007ffb8cf1a000 	C:\WINDOWS\SYSTEM32\VERSION.dll
0x00007ffb96ca0000 - 0x00007ffb96cb3000 	C:\WINDOWS\SYSTEM32\UMPDC.dll
0x00007ffb95d80000 - 0x00007ffb95d98000 	C:\WINDOWS\SYSTEM32\kernel.appcore.dll
0x00007ffb8af30000 - 0x00007ffb8af3a000 	c:\Users\imamn\.vscode\extensions\redhat.java-1.45.0-win32-x64\jre\21.0.8-win32-x86_64\bin\jimage.dll
0x00007ffb945d0000 - 0x00007ffb94803000 	C:\WINDOWS\SYSTEM32\DBGHELP.DLL
0x00007ffb99520000 - 0x00007ffb998b1000 	C:\WINDOWS\System32\combase.dll
0x00007ffb999a0000 - 0x00007ffb99a78000 	C:\WINDOWS\System32\OLEAUT32.dll
0x00007ffb73f90000 - 0x00007ffb73fc2000 	C:\WINDOWS\SYSTEM32\dbgcore.DLL
0x00007ffb97900000 - 0x00007ffb9797b000 	C:\WINDOWS\System32\bcryptPrimitives.dll
0x00007ffb78a50000 - 0x00007ffb78a5f000 	c:\Users\imamn\.vscode\extensions\redhat.java-1.45.0-win32-x64\jre\21.0.8-win32-x86_64\bin\instrument.dll
0x00007ffb4e350000 - 0x00007ffb4e36f000 	c:\Users\imamn\.vscode\extensions\redhat.java-1.45.0-win32-x64\jre\21.0.8-win32-x86_64\bin\java.dll
0x00007ffb98500000 - 0x00007ffb98da1000 	C:\WINDOWS\System32\SHELL32.dll
0x00007ffb97790000 - 0x00007ffb978cf000 	C:\WINDOWS\System32\wintypes.dll
0x00007ffb94c70000 - 0x00007ffb9558a000 	C:\WINDOWS\SYSTEM32\windows.storage.dll
0x00007ffb97f90000 - 0x00007ffb9809a000 	C:\WINDOWS\System32\SHCORE.dll
0x00007ffb97a90000 - 0x00007ffb97af9000 	C:\WINDOWS\System32\shlwapi.dll
0x00007ffb96d20000 - 0x00007ffb96d45000 	C:\WINDOWS\SYSTEM32\profapi.dll
0x00007ffb4e150000 - 0x00007ffb4e168000 	c:\Users\imamn\.vscode\extensions\redhat.java-1.45.0-win32-x64\jre\21.0.8-win32-x86_64\bin\zip.dll
0x00007ffb78870000 - 0x00007ffb78880000 	C:\Users\imamn\.vscode\extensions\redhat.java-1.45.0-win32-x64\jre\21.0.8-win32-x86_64\bin\net.dll
0x00007ffb8dac0000 - 0x00007ffb8dbec000 	C:\WINDOWS\SYSTEM32\WINHTTP.dll
0x00007ffb96240000 - 0x00007ffb962a9000 	C:\WINDOWS\system32\mswsock.dll
0x00007ffb4da50000 - 0x00007ffb4da66000 	C:\Users\imamn\.vscode\extensions\redhat.java-1.45.0-win32-x64\jre\21.0.8-win32-x86_64\bin\nio.dll
0x00007ffb72860000 - 0x00007ffb72870000 	c:\Users\imamn\.vscode\extensions\redhat.java-1.45.0-win32-x64\jre\21.0.8-win32-x86_64\bin\verify.dll

JVMTI agents:
c:\Users\imamn\.vscode\extensions\redhat.java-1.45.0-win32-x64\lombok\lombok-1.18.39-4050.jar path:c:\Users\imamn\.vscode\extensions\redhat.java-1.45.0-win32-x64\jre\21.0.8-win32-x86_64\bin\instrument.dll, loaded, initialized, instrumentlib options:none

dbghelp: loaded successfully - version: 4.0.5 - missing functions: none
symbol engine: initialized successfully - sym options: 0x614 - pdb path: .;c:\Users\imamn\.vscode\extensions\redhat.java-1.45.0-win32-x64\jre\21.0.8-win32-x86_64\bin;C:\WINDOWS\SYSTEM32;C:\WINDOWS\WinSxS\amd64_microsoft.windows.common-controls_6595b64144ccf1df_6.0.22621.5840_none_2710ea077384a4fe;c:\Users\imamn\.vscode\extensions\redhat.java-1.45.0-win32-x64\jre\21.0.8-win32-x86_64\bin\server

VM Arguments:
jvm_args: --add-modules=ALL-SYSTEM --add-opens=java.base/java.util=ALL-UNNAMED --add-opens=java.base/java.lang=ALL-UNNAMED --add-opens=java.base/sun.nio.fs=ALL-UNNAMED -Declipse.application=org.eclipse.jdt.ls.core.id1 -Dosgi.bundles.defaultStartLevel=4 -Declipse.product=org.eclipse.jdt.ls.core.product -Djava.import.generatesMetadataFilesAtProjectRoot=false -DDetectVMInstallationsJob.disabled=true -Dfile.encoding=utf8 -XX:+UseParallelGC -XX:GCTimeRatio=4 -XX:AdaptiveSizePolicyWeight=90 -Dsun.zip.disableMemoryMapping=true -Xmx2G -Xms100m -Xlog:disable -javaagent:c:\Users\imamn\.vscode\extensions\redhat.java-1.45.0-win32-x64\lombok\lombok-1.18.39-4050.jar -XX:+HeapDumpOnOutOfMemoryError -XX:HeapDumpPath=c:\Users\imamn\AppData\Roaming\Code\User\workspaceStorage\8a1b6a49863be36778a344cba34ac3af\redhat.java -Daether.dependencyCollector.impl=bf 
java_command: c:\Users\imamn\.vscode\extensions\redhat.java-1.45.0-win32-x64\server\plugins\org.eclipse.equinox.launcher_1.7.0.v20250519-0528.jar -configuration c:\Users\imamn\AppData\Roaming\Code\User\globalStorage\redhat.java\1.45.0\config_win -data c:\Users\imamn\AppData\Roaming\Code\User\workspaceStorage\8a1b6a49863be36778a344cba34ac3af\redhat.java\jdt_ws --pipe=\\.\pipe\lsp-698b6e93e0eda9701bc21e7a766a002c-sock
java_class_path (initial): c:\Users\imamn\.vscode\extensions\redhat.java-1.45.0-win32-x64\server\plugins\org.eclipse.equinox.launcher_1.7.0.v20250519-0528.jar
Launcher Type: SUN_STANDARD

[Global flags]
    uintx AdaptiveSizePolicyWeight                 = 90                                        {product} {command line}
     intx CICompilerCount                          = 3                                         {product} {ergonomic}
    uintx GCTimeRatio                              = 4                                         {product} {command line}
     bool HeapDumpOnOutOfMemoryError               = true                                   {manageable} {command line}
    ccstr HeapDumpPath                             = c:\Users\imamn\AppData\Roaming\Code\User\workspaceStorage\8a1b6a49863be36778a344cba34ac3af\redhat.java         {manageable} {command line}
   size_t InitialHeapSize                          = 104857600                                 {product} {command line}
   size_t MaxHeapSize                              = 2147483648                                {product} {command line}
   size_t MaxNewSize                               = 715653120                                 {product} {ergonomic}
   size_t MinHeapDeltaBytes                        = 524288                                    {product} {ergonomic}
   size_t MinHeapSize                              = 104857600                                 {product} {command line}
   size_t NewSize                                  = 34603008                                  {product} {ergonomic}
    uintx NonNMethodCodeHeapSize                   = 5832780                                {pd product} {ergonomic}
    uintx NonProfiledCodeHeapSize                  = 122912730                              {pd product} {ergonomic}
   size_t OldSize                                  = 70254592                                  {product} {ergonomic}
    uintx ProfiledCodeHeapSize                     = 122912730                              {pd product} {ergonomic}
    uintx ReservedCodeCacheSize                    = 251658240                              {pd product} {ergonomic}
     bool SegmentedCodeCache                       = true                                      {product} {ergonomic}
   size_t SoftMaxHeapSize                          = 2147483648                             {manageable} {ergonomic}
     bool UseCompressedOops                        = true                           {product lp64_product} {ergonomic}
     bool UseLargePagesIndividualAllocation        = false                                  {pd product} {ergonomic}
     bool UseParallelGC                            = true                                      {product} {command line}

Logging:
Log output configuration:
 #0: stdout all=off uptime,level,tags foldmultilines=false
 #1: stderr all=off uptime,level,tags foldmultilines=false

Environment Variables:
JAVA_HOME=C:\Program Files\jdk-21.0.7
CLASSPATH=D:\WINDOWS.X64_193000_db_home\jdbc\lib\ojdbc8.jar;C:\Program Files\Apache Software Foundation\Tomcat 9.0\lib\servlet-api.jar;.;
PATH=D:\gradle-9.0.0-bin\gradle-9.0.0\bin;D:\WINDOWS.X64_193000_db_home\bin;C:\WINDOWS.X64_193000_db_home\WINDOWS.X64_193000_db_home\WINDOWS.X64_193000_db_home\WINDOWS.X64_193000_db_home\bin;C:\WINDOWS.X64_193000_db_home\WINDOWS.X64_193000_db_home\bin;C:\WINDOWS\system32;C:\WINDOWS;C:\WINDOWS\System32\Wbem;C:\WINDOWS\System32\WindowsPowerShell\v1.0\;C:\WINDOWS\System32\OpenSSH\;C:\MinGW\bin;C:\Program Files\Java\jdk-20\bin;C:\Program Files\nodejs\;C:\Program Files\Git\cmd;C:\Program Files\Git\bin;C:\Program Files\Apache Software Foundation\Tomcat 9.0\lib;C:\Program Files\jdk-21.0.7\bin;.;C:\Program Files\MySQL\MySQL Shell 8.0\bin\;C:\Users\imamn\.console-ninja\.bin;C:\python\Scripts\;C:\python\;C:\Users\imamn\OneDrive\Desktop\New folder\Scripts\;C:\Users\imamn\OneDrive\Desktop\New folder\;C:\Users\imamn\AppData\Local\Microsoft\WindowsApps;C:\msys64\mingw64\bin;C:\msys64\mingw64;C:\Users\imamn\AppData\Local\Programs\Microsoft VS Code\bin;C:\Users\imamn\AppData\Roaming\npm;C:\Users\imamn\AppData\Local\GitHubDesktop\bin;%IntelliJ IDEA%;C:\Program Files\JetBrains\IntelliJ IDEA Community Edition 2024.1.5\bin
USERNAME=imamn
OS=Windows_NT
PROCESSOR_IDENTIFIER=Intel64 Family 6 Model 140 Stepping 1, GenuineIntel
TMP=C:\Users\imamn\AppData\Local\Temp
TEMP=C:\Users\imamn\AppData\Local\Temp




Periodic native trim disabled

---------------  S Y S T E M  ---------------

OS:
 Windows 11 , 64 bit Build 22621 (10.0.22621.5415)
OS uptime: 1 days 22:05 hours
Hyper-V role detected

CPU: total 4 (initial active 4) (2 cores per cpu, 2 threads per core) family 6 model 140 stepping 1 microcode 0xac, cx8, cmov, fxsr, ht, mmx, 3dnowpref, sse, sse2, sse3, ssse3, sse4.1, sse4.2, popcnt, lzcnt, tsc, tscinvbit, avx, avx2, aes, erms, clmul, bmi1, bmi2, adx, avx512f, avx512dq, avx512cd, avx512bw, avx512vl, sha, fma, vzeroupper, avx512_vpopcntdq, avx512_vpclmulqdq, avx512_vaes, avx512_vnni, clflush, clflushopt, clwb, avx512_vbmi2, avx512_vbmi, hv, rdtscp, rdpid, fsrm, gfni, avx512_bitalg, f16c, cet_ibt, cet_ss, avx512_ifma
Processor Information for the first 4 processors :
  Max Mhz: 2995, Current Mhz: 2995, Mhz Limit: 2995

Memory: 4k page, system-wide physical 7932M (362M free)
TotalPageFile size 20463M (AvailPageFile size 0M)
current process WorkingSet (physical memory assigned to process): 84M, peak: 84M
current process commit charge ("private bytes"): 225M, peak: 225M

vm_info: OpenJDK 64-Bit Server VM (21.0.8+9-LTS) for windows-amd64 JRE (21.0.8+9-LTS), built on 2025-07-15T00:00:00Z by "admin" with MS VC++ 17.7 (VS2022)

END.
